<?xml version="1.0" encoding="utf-8"?><testsuites name="pytest tests"><testsuite name="pytest" errors="0" failures="0" skipped="0" tests="22" time="7.963" timestamp="2026-04-10T06:11:56.883941+00:00" hostname="agent-env-7cedbaa7-4a03-4b09-98bb-5b34cb6ed462"><testcase classname="tests.test_cake_shop.TestHealthAndCakes" name="test_get_cakes_list" time="0.242" /><testcase classname="tests.test_cake_shop.TestHealthAndCakes" name="test_get_single_cake" time="0.286" /><testcase classname="tests.test_cake_shop.TestHealthAndCakes" name="test_get_nonexistent_cake" time="0.112" /><testcase classname="tests.test_cake_shop.TestAuth" name="test_register_new_user" time="0.335" /><testcase classname="tests.test_cake_shop.TestAuth" name="test_register_duplicate_email" time="0.102" /><testcase classname="tests.test_cake_shop.TestAuth" name="test_login_valid_credentials" time="0.323" /><testcase classname="tests.test_cake_shop.TestAuth" name="test_login_invalid_credentials" time="0.325" /><testcase classname="tests.test_cake_shop.TestAuth" name="test_admin_login" time="0.348" /><testcase classname="tests.test_cake_shop.TestAuth" name="test_get_me_authenticated" time="0.378" /><testcase classname="tests.test_cake_shop.TestAuth" name="test_get_me_unauthenticated" time="0.139" /><testcase classname="tests.test_cake_shop.TestCart" name="test_add_to_cart_with_quantity" time="0.482" /><testcase classname="tests.test_cake_shop.TestCart" name="test_add_to_cart_default_quantity" time="0.482" /><testcase classname="tests.test_cake_shop.TestCart" name="test_get_cart" time="0.392" /><testcase classname="tests.test_cake_shop.TestCart" name="test_add_to_cart_unauthenticated" time="0.204" /><testcase classname="tests.test_cake_shop.TestCart" name="test_remove_from_cart" time="0.554" /><testcase classname="tests.test_cake_shop.TestOrders" name="test_place_cart_order" time="0.644" /><testcase classname="tests.test_cake_shop.TestOrders" name="test_place_direct_order" time="0.628" /><testcase classname="tests.test_cake_shop.TestOrders" name="test_get_user_orders" time="0.395" /><testcase classname="tests.test_cake_shop.TestOrders" name="test_place_order_unauthenticated" time="0.216" /><testcase classname="tests.test_cake_shop.TestAdminOrders" name="test_admin_get_all_orders" time="0.380" /><testcase classname="tests.test_cake_shop.TestAdminOrders" name="test_admin_get_stats" time="0.364" /><testcase classname="tests.test_cake_shop.TestAdminOrders" name="test_non_admin_cannot_access_admin_routes" time="0.369" /></testsuite></testsuites>